2019-08-30 14:46:36 INFO str:32134211
2019-08-30 14:46:36 INFO info
2019-08-30 14:46:36 DEBUG debug
2019-08-30 14:46:36 ERROR error
2019-08-30 14:46:36 WARN warn
2019-09-08 01:23:31 INFO url:197793,rtmp:rtmp://js.live-send.acg.tv/live-js/?streamname=live_371910283_18155090
2019-09-08 01:26:34 INFO url:197793,rtmp:rtmp://js.live-send.acg.tv/live-js/?streamname=live_371910283_18155090
2019-09-08 01:33:41 INFO url:8682672,rtmp:rtmp://js.live-send.acg.tv/live-js/?streamname=live_371910283_18155090
2019-09-08 01:35:15 INFO url:8682672,rtmp:rtmp://js.live-send.acg.tv/live-js/?streamname=live_371910283_18155090
2019-09-08 01:37:08 INFO url:8682672,rtmp:rtmp://js.live-send.acg.tv/live-js/?streamname=live_371910283_18155090
2019-09-08 01:39:37 INFO url:8682672,rtmp:rtmp://js.live-send.acg.tv/live-js/?streamname=live_371910283_18155090
2019-09-08 01:40:31 INFO url:8682672,rtmp:rtmp://js.live-send.acg.tv/live-js/?streamname=live_371910283_18155090
2019-09-08 01:42:22 INFO url:8682672,rtmp:rtmp://js.live-send.acg.tv/live-js/?streamname=live_371910283_18155090
2019-09-08 01:43:20 INFO url:6156033,rtmp:rtmp://js.live-send.acg.tv/live-js/?streamname=live_371910283_18155090
2019-09-08 01:43:24 INFO url:6156033,rtmp:rtmp://js.live-send.acg.tv/live-js/?streamname=live_371910283_18155090
2019-09-08 15:30:19 INFO url:https://js.live-play.acgvideo.com/live-js/746062/live_4396949_19741894.flv?wsSecret=ac22f7172bd2580c86cb0f7d1fdcba66,rtmp:rtmp://js.live-send.acg.tv/live-js/?streamname=live_371910283_18155090
2019-09-08 15:35:08 INFO url:https://js.live-play.acgvideo.com/live-js/746062/live_4396949_19741894.flv?wsSecret=ac22f7172bd2580c86cb0f7d1fdcba66,rtmp:rtmp://js.live-send.acg.tv/live-js/?streamname=live_371910283_18155090
2019-09-08 15:37:00 INFO url:https://js.live-play.acgvideo.com/live-js/746062/live_4396949_19741894.flv?wsSecret=ac22f7172bd2580c86cb0f7d1fdcba66,rtmp:rtmp://js.live-send.acg.tv/live-js/?streamname=live_371910283_18155090
2019-09-08 15:41:02 INFO url:https://js.live-play.acgvideo.com/live-js/746062/live_4396949_19741894.flv?wsSecret=ac22f7172bd2580c86cb0f7d1fdcba66&wsTime=1567930552&trid=91059e30e2d84e8394c43f1e98adf4df&pt=web&oi=2071359384&order=1&sig=no&platform=flash&pSession=1ED2096B-EF00-E8E8-9669-2D1204CE489E,rtmp:rtmp://js.live-send.acg.tv/live-js/?streamname=live_371910283_18155090&key=bfcd6a96b43bfb0ad51a189db3ebf18a
2019-09-08 16:07:34 INFO url:157968,rtmp:rtmp://js.live-send.acg.tv/live-js/?streamname=live_371910283_18155090&key=bfcd6a96b43bfb0ad51a189db3ebf18a
2019-09-08 16:08:14 INFO url:6,rtmp:rtmp://js.live-send.acg.tv/live-js/?streamname=live_371910283_18155090&key=bfcd6a96b43bfb0ad51a189db3ebf18a
2019-09-08 16:08:14 ERROR 播放失败
2019-09-08 16:09:03 INFO url:705,rtmp:rtmp://js.live-send.acg.tv/live-js/?streamname=live_371910283_18155090&key=bfcd6a96b43bfb0ad51a189db3ebf18a
2019-09-08 16:09:48 INFO url:4934924,rtmp:rtmp://js.live-send.acg.tv/live-js/?streamname=live_371910283_18155090&key=bfcd6a96b43bfb0ad51a189db3ebf18a
2019-09-08 16:11:40 INFO url:4934924,rtmp:rtmp://js.live-send.acg.tv/live-js/?streamname=live_371910283_18155090&key=bfcd6a96b43bfb0ad51a189db3ebf18a
2019-09-08 16:12:10 INFO url:4934924,rtmp:rtmp://js.live-send.acg.tv/live-js/?streamname=live_371910283_18155090&key=bfcd6a96b43bfb0ad51a189db3ebf18a
2019-09-08 16:15:37 INFO url:4934924,rtmp:rtmp://js.live-send.acg.tv/live-js/?streamname=live_371910283_18155090&key=bfcd6a96b43bfb0ad51a189db3ebf18a
2019-09-08 16:16:34 INFO url:34266,rtmp:rtmp://js.live-send.acg.tv/live-js/?streamname=live_371910283_18155090&key=bfcd6a96b43bfb0ad51a189db3ebf18a
2019-09-08 16:20:16 INFO url:34266,rtmp:rtmp://js.live-send.acg.tv/live-js/?streamname=live_371910283_18155090&key=bfcd6a96b43bfb0ad51a189db3ebf18a
2019-09-08 16:21:00 INFO url:5319,rtmp:rtmp://js.live-send.acg.tv/live-js/?streamname=live_371910283_18155090&key=bfcd6a96b43bfb0ad51a189db3ebf18a
